<?xml version="1.0" encoding="UTF-8"?>
<coverage generated="1549953269362" clover="3.2.0">
  <project timestamp="1549953269363" name="All files">
    <metrics statements="125" coveredstatements="89" conditionals="20" coveredconditionals="17" methods="14" coveredmethods="6" elements="159" coveredelements="112" complexity="0" loc="125" ncloc="125" packages="5" files="11" classes="11"/>
    <package name="app">
      <metrics statements="10" coveredstatements="10" conditionals="0" coveredconditionals="0" methods="0" coveredmethods="0"/>
      <file name="app.js" path="/Users/ianduncan/Documents/My stuff/projects/node/book-store-api/app/app.js">
        <metrics statements="10" coveredstatements="10" conditionals="0" coveredconditionals="0" methods="0" coveredmethods="0"/>
        <line num="1" count="1" type="stmt"/>
        <line num="2" count="1" type="stmt"/>
        <line num="3" count="1" type="stmt"/>
        <line num="4" count="1" type="stmt"/>
        <line num="6" count="1" type="stmt"/>
        <line num="7" count="1" type="stmt"/>
        <line num="8" count="1" type="stmt"/>
        <line num="9" count="1" type="stmt"/>
        <line num="11" count="1" type="stmt"/>
        <line num="13" count="1" type="stmt"/>
      </file>
    </package>
    <package name="app.controllers">
      <metrics statements="51" coveredstatements="16" conditionals="0" coveredconditionals="0" methods="9" coveredmethods="1"/>
      <file name="AuthController.js" path="/Users/ianduncan/Documents/My stuff/projects/node/book-store-api/app/controllers/AuthController.js">
        <metrics statements="11" coveredstatements="10" conditionals="0" coveredconditionals="0" methods="1" coveredmethods="1"/>
        <line num="1" count="1" type="stmt"/>
        <line num="2" count="1" type="stmt"/>
        <line num="3" count="1" type="stmt"/>
        <line num="7" count="1" type="stmt"/>
        <line num="10" count="1" type="stmt"/>
        <line num="11" count="1" type="stmt"/>
        <line num="12" count="1" type="stmt"/>
        <line num="18" count="1" type="stmt"/>
        <line num="19" count="1" type="stmt"/>
        <line num="21" count="0" type="stmt"/>
        <line num="26" count="1" type="stmt"/>
      </file>
      <file name="BooksController.js" path="/Users/ianduncan/Documents/My stuff/projects/node/book-store-api/app/controllers/BooksController.js">
        <metrics statements="24" coveredstatements="3" conditionals="0" coveredconditionals="0" methods="4" coveredmethods="0"/>
        <line num="1" count="1" type="stmt"/>
        <line num="2" count="1" type="stmt"/>
        <line num="6" count="0" type="stmt"/>
        <line num="7" count="0" type="stmt"/>
        <line num="8" count="0" type="stmt"/>
        <line num="9" count="0" type="stmt"/>
        <line num="11" count="0" type="stmt"/>
        <line num="16" count="0" type="stmt"/>
        <line num="17" count="0" type="stmt"/>
        <line num="28" count="0" type="stmt"/>
        <line num="29" count="0" type="stmt"/>
        <line num="31" count="0" type="stmt"/>
        <line num="36" count="0" type="stmt"/>
        <line num="37" count="0" type="stmt"/>
        <line num="40" count="0" type="stmt"/>
        <line num="41" count="0" type="stmt"/>
        <line num="43" count="0" type="stmt"/>
        <line num="48" count="0" type="stmt"/>
        <line num="49" count="0" type="stmt"/>
        <line num="50" count="0" type="stmt"/>
        <line num="57" count="0" type="stmt"/>
        <line num="58" count="0" type="stmt"/>
        <line num="60" count="0" type="stmt"/>
        <line num="65" count="1" type="stmt"/>
      </file>
      <file name="UsersController.js" path="/Users/ianduncan/Documents/My stuff/projects/node/book-store-api/app/controllers/UsersController.js">
        <metrics statements="16" coveredstatements="3" conditionals="0" coveredconditionals="0" methods="4" coveredmethods="0"/>
        <line num="1" count="1" type="stmt"/>
        <line num="2" count="1" type="stmt"/>
        <line num="6" count="0" type="stmt"/>
        <line num="7" count="0" type="stmt"/>
        <line num="8" count="0" type="stmt"/>
        <line num="9" count="0" type="stmt"/>
        <line num="11" count="0" type="stmt"/>
        <line num="16" count="0" type="stmt"/>
        <line num="17" count="0" type="stmt"/>
        <line num="28" count="0" type="stmt"/>
        <line num="29" count="0" type="stmt"/>
        <line num="31" count="0" type="stmt"/>
        <line num="36" count="0" type="stmt"/>
        <line num="43" count="0" type="stmt"/>
        <line num="44" count="0" type="stmt"/>
        <line num="48" count="1" type="stmt"/>
      </file>
    </package>
    <package name="app.lib.helpers">
      <metrics statements="6" coveredstatements="6" conditionals="0" coveredconditionals="0" methods="3" coveredmethods="3"/>
      <file name="Encrypt.js" path="/Users/ianduncan/Documents/My stuff/projects/node/book-store-api/app/lib/helpers/Encrypt.js">
        <metrics statements="3" coveredstatements="3" conditionals="0" coveredconditionals="0" methods="1" coveredmethods="1"/>
        <line num="1" count="1" type="stmt"/>
        <line num="5" count="2" type="stmt"/>
        <line num="9" count="1" type="stmt"/>
      </file>
      <file name="Responses.js" path="/Users/ianduncan/Documents/My stuff/projects/node/book-store-api/app/lib/helpers/Responses.js">
        <metrics statements="3" coveredstatements="3" conditionals="0" coveredconditionals="0" methods="2" coveredmethods="2"/>
        <line num="3" count="1" type="stmt"/>
        <line num="11" count="5" type="stmt"/>
        <line num="18" count="1" type="stmt"/>
      </file>
    </package>
    <package name="app.lib.middlewares">
      <metrics statements="26" coveredstatements="25" conditionals="20" coveredconditionals="17" methods="1" coveredmethods="1"/>
      <file name="UserValidators.js" path="/Users/ianduncan/Documents/My stuff/projects/node/book-store-api/app/lib/middlewares/UserValidators.js">
        <metrics statements="26" coveredstatements="25" conditionals="20" coveredconditionals="17" methods="1" coveredmethods="1"/>
        <line num="1" count="1" type="stmt"/>
        <line num="2" count="1" type="stmt"/>
        <line num="8" count="6" type="stmt"/>
        <line num="11" count="6" type="stmt"/>
        <line num="15" count="6" type="cond" truecount="6" falsecount="0"/>
        <line num="16" count="1" type="stmt"/>
        <line num="17" count="1" type="stmt"/>
        <line num="19" count="5" type="cond" truecount="1" falsecount="1"/>
        <line num="20" count="5" type="stmt"/>
        <line num="21" count="5" type="stmt"/>
        <line num="22" count="5" type="cond" truecount="2" falsecount="0"/>
        <line num="24" count="4" type="cond" truecount="1" falsecount="1"/>
        <line num="25" count="4" type="stmt"/>
        <line num="26" count="4" type="stmt"/>
        <line num="27" count="4" type="cond" truecount="2" falsecount="0"/>
        <line num="29" count="3" type="cond" truecount="1" falsecount="1"/>
        <line num="30" count="3" type="stmt"/>
        <line num="31" count="3" type="stmt"/>
        <line num="32" count="3" type="cond" truecount="2" falsecount="0"/>
        <line num="35" count="2" type="stmt"/>
        <line num="38" count="2" type="cond" truecount="2" falsecount="0"/>
        <line num="39" count="1" type="stmt"/>
        <line num="40" count="1" type="stmt"/>
        <line num="42" count="1" type="stmt"/>
        <line num="44" count="0" type="stmt"/>
        <line num="49" count="1" type="stmt"/>
      </file>
    </package>
    <package name="app.routes">
      <metrics statements="32" coveredstatements="32" conditionals="0" coveredconditionals="0" methods="1" coveredmethods="1"/>
      <file name="auth.js" path="/Users/ianduncan/Documents/My stuff/projects/node/book-store-api/app/routes/auth.js">
        <metrics statements="6" coveredstatements="6" conditionals="0" coveredconditionals="0" methods="0" coveredmethods="0"/>
        <line num="1" count="1" type="stmt"/>
        <line num="2" count="1" type="stmt"/>
        <line num="3" count="1" type="stmt"/>
        <line num="5" count="1" type="stmt"/>
        <line num="7" count="1" type="stmt"/>
        <line num="13" count="1" type="stmt"/>
      </file>
      <file name="books.js" path="/Users/ianduncan/Documents/My stuff/projects/node/book-store-api/app/routes/books.js">
        <metrics statements="8" coveredstatements="8" conditionals="0" coveredconditionals="0" methods="0" coveredmethods="0"/>
        <line num="1" count="1" type="stmt"/>
        <line num="2" count="1" type="stmt"/>
        <line num="4" count="1" type="stmt"/>
        <line num="6" count="1" type="stmt"/>
        <line num="11" count="1" type="stmt"/>
        <line num="16" count="1" type="stmt"/>
        <line num="21" count="1" type="stmt"/>
        <line num="26" count="1" type="stmt"/>
      </file>
      <file name="index.js" path="/Users/ianduncan/Documents/My stuff/projects/node/book-store-api/app/routes/index.js">
        <metrics statements="10" coveredstatements="10" conditionals="0" coveredconditionals="0" methods="1" coveredmethods="1"/>
        <line num="1" count="1" type="stmt"/>
        <line num="2" count="1" type="stmt"/>
        <line num="3" count="1" type="stmt"/>
        <line num="5" count="1" type="stmt"/>
        <line num="7" count="1" type="stmt"/>
        <line num="8" count="1" type="stmt"/>
        <line num="9" count="1" type="stmt"/>
        <line num="10" count="1" type="stmt"/>
        <line num="11" count="1" type="stmt"/>
        <line num="14" count="1" type="stmt"/>
      </file>
      <file name="users.js" path="/Users/ianduncan/Documents/My stuff/projects/node/book-store-api/app/routes/users.js">
        <metrics statements="8" coveredstatements="8" conditionals="0" coveredconditionals="0" methods="0" coveredmethods="0"/>
        <line num="1" count="1" type="stmt"/>
        <line num="2" count="1" type="stmt"/>
        <line num="4" count="1" type="stmt"/>
        <line num="6" count="1" type="stmt"/>
        <line num="11" count="1" type="stmt"/>
        <line num="16" count="1" type="stmt"/>
        <line num="21" count="1" type="stmt"/>
        <line num="26" count="1" type="stmt"/>
      </file>
    </package>
  </project>
</coverage>
