TN:
SF:/Users/ianduncan/Documents/My stuff/projects/node/book-store-api/app/app.js
FNF:0
FNH:0
DA:1,1
DA:2,1
DA:3,1
DA:4,1
DA:6,1
DA:7,1
DA:8,1
DA:9,1
DA:11,1
DA:13,1
LF:10
LH:10
BRF:0
BRH:0
end_of_record
TN:
SF:/Users/ianduncan/Documents/My stuff/projects/node/book-store-api/app/controllers/AuthController.js
FN:6,(anonymous_0)
FNF:1
FNH:1
FNDA:1,(anonymous_0)
DA:1,1
DA:2,1
DA:3,1
DA:7,1
DA:10,1
DA:11,1
DA:12,1
DA:18,1
DA:19,1
DA:21,0
DA:26,1
LF:11
LH:10
BRF:0
BRH:0
end_of_record
TN:
SF:/Users/ianduncan/Documents/My stuff/projects/node/book-store-api/app/controllers/BooksController.js
FN:5,(anonymous_0)
FN:15,(anonymous_1)
FN:35,(anonymous_2)
FN:47,(anonymous_3)
FNF:4
FNH:0
FNDA:0,(anonymous_0)
FNDA:0,(anonymous_1)
FNDA:0,(anonymous_2)
FNDA:0,(anonymous_3)
DA:1,1
DA:2,1
DA:6,0
DA:7,0
DA:8,0
DA:9,0
DA:11,0
DA:16,0
DA:17,0
DA:28,0
DA:29,0
DA:31,0
DA:36,0
DA:37,0
DA:40,0
DA:41,0
DA:43,0
DA:48,0
DA:49,0
DA:50,0
DA:57,0
DA:58,0
DA:60,0
DA:65,1
LF:24
LH:3
BRF:0
BRH:0
end_of_record
TN:
SF:/Users/ianduncan/Documents/My stuff/projects/node/book-store-api/app/controllers/UsersController.js
FN:5,(anonymous_0)
FN:15,(anonymous_1)
FN:35,(anonymous_2)
FN:42,(anonymous_3)
FNF:4
FNH:0
FNDA:0,(anonymous_0)
FNDA:0,(anonymous_1)
FNDA:0,(anonymous_2)
FNDA:0,(anonymous_3)
DA:1,1
DA:2,1
DA:6,0
DA:7,0
DA:8,0
DA:9,0
DA:11,0
DA:16,0
DA:17,0
DA:28,0
DA:29,0
DA:31,0
DA:36,0
DA:43,0
DA:44,0
DA:48,1
LF:16
LH:3
BRF:0
BRH:0
end_of_record
TN:
SF:/Users/ianduncan/Documents/My stuff/projects/node/book-store-api/app/lib/helpers/Encrypt.js
FN:4,(anonymous_0)
FNF:1
FNH:1
FNDA:2,(anonymous_0)
DA:1,1
DA:5,2
DA:9,1
LF:3
LH:3
BRF:0
BRH:0
end_of_record
TN:
SF:/Users/ianduncan/Documents/My stuff/projects/node/book-store-api/app/lib/helpers/Responses.js
FN:2,(anonymous_0)
FN:10,(anonymous_1)
FNF:2
FNH:2
FNDA:1,(anonymous_0)
FNDA:5,(anonymous_1)
DA:3,1
DA:11,5
DA:18,1
LF:3
LH:3
BRF:0
BRH:0
end_of_record
TN:
SF:/Users/ianduncan/Documents/My stuff/projects/node/book-store-api/app/lib/middlewares/UserValidators.js
FN:7,(anonymous_0)
FNF:1
FNH:1
FNDA:6,(anonymous_0)
DA:1,1
DA:2,1
DA:8,6
DA:11,6
DA:15,6
DA:16,1
DA:17,1
DA:19,5
DA:20,5
DA:21,5
DA:22,5
DA:24,4
DA:25,4
DA:26,4
DA:27,4
DA:29,3
DA:30,3
DA:31,3
DA:32,3
DA:35,2
DA:38,2
DA:39,1
DA:40,1
DA:42,1
DA:44,0
DA:49,1
LF:26
LH:25
BRDA:15,0,0,1
BRDA:15,0,1,5
BRDA:15,1,0,6
BRDA:15,1,1,5
BRDA:15,1,2,5
BRDA:15,1,3,5
BRDA:19,2,0,5
BRDA:19,2,1,0
BRDA:22,3,0,1
BRDA:22,3,1,4
BRDA:24,4,0,4
BRDA:24,4,1,0
BRDA:27,5,0,1
BRDA:27,5,1,3
BRDA:29,6,0,3
BRDA:29,6,1,0
BRDA:32,7,0,1
BRDA:32,7,1,2
BRDA:38,8,0,1
BRDA:38,8,1,1
BRF:20
BRH:17
end_of_record
TN:
SF:/Users/ianduncan/Documents/My stuff/projects/node/book-store-api/app/routes/auth.js
FNF:0
FNH:0
DA:1,1
DA:2,1
DA:3,1
DA:5,1
DA:7,1
DA:13,1
LF:6
LH:6
BRF:0
BRH:0
end_of_record
TN:
SF:/Users/ianduncan/Documents/My stuff/projects/node/book-store-api/app/routes/books.js
FNF:0
FNH:0
DA:1,1
DA:2,1
DA:4,1
DA:6,1
DA:11,1
DA:16,1
DA:21,1
DA:26,1
LF:8
LH:8
BRF:0
BRH:0
end_of_record
TN:
SF:/Users/ianduncan/Documents/My stuff/projects/node/book-store-api/app/routes/index.js
FN:7,(anonymous_0)
FNF:1
FNH:1
FNDA:1,(anonymous_0)
DA:1,1
DA:2,1
DA:3,1
DA:5,1
DA:7,1
DA:8,1
DA:9,1
DA:10,1
DA:11,1
DA:14,1
LF:10
LH:10
BRF:0
BRH:0
end_of_record
TN:
SF:/Users/ianduncan/Documents/My stuff/projects/node/book-store-api/app/routes/users.js
FNF:0
FNH:0
DA:1,1
DA:2,1
DA:4,1
DA:6,1
DA:11,1
DA:16,1
DA:21,1
DA:26,1
LF:8
LH:8
BRF:0
BRH:0
end_of_record
